<component name="libraryTable">
  <library name="junit.vintage.engine" type="repository">
    <properties maven-id="org.junit.vintage:junit-vintage-engine:5.9.0" />
    <CLASSES>
      <root url="jar://$MAVEN_REPOSITORY$/org/junit/vintage/junit-vintage-engine/5.9.0/junit-vintage-engine-5.9.0.jar!/" />
      <root url="jar://$MAVEN_REPOSITORY$/org/junit/platform/junit-platform-engine/1.9.0/junit-platform-engine-1.9.0.jar!/" />
      <root url="jar://$MAVEN_REPOSITORY$/org/opentest4j/opentest4j/1.2.0/opentest4j-1.2.0.jar!/" />
      <root url="jar://$MAVEN_REPOSITORY$/org/junit/platform/junit-platform-commons/1.9.0/junit-platform-commons-1.9.0.jar!/" />
      <root url="jar://$MAVEN_REPOSITORY$/junit/junit/4.13.2/junit-4.13.2.jar!/" />
      <root url="jar://$MAVEN_REPOSITORY$/org/hamcrest/hamcrest-core/1.3/hamcrest-core-1.3.jar!/" />
      <root url="jar://$MAVEN_REPOSITORY$/org/apiguardian/apiguardian-api/1.1.2/apiguardian-api-1.1.2.jar!/" />
    </CLASSES>
    <JAVADOC />
    <SOURCES />
  </library>
</component>